t:\c++\databaseclass\ex1\x64\debug\moc_ex1.obj
t:\c++\databaseclass\ex1\x64\debug\qrc_ex1.obj
t:\c++\databaseclass\ex1\x64\debug\vc142.pdb
t:\c++\databaseclass\ex1\x64\debug\main.obj
t:\c++\databaseclass\ex1\x64\debug\ex1.obj
t:\c++\databaseclass\ex1\x64\debug\uic\ui_ex1.h
t:\c++\databaseclass\ex1\x64\debug\rcc\qrc_ex1.cpp
t:\c++\databaseclass\ex1\x64\debug\moc\moc_ex1.cpp
t:\c++\databaseclass\ex1\x64\debug\ex1.exe
t:\c++\databaseclass\ex1\x64\debug\ex1.ilk
t:\c++\databaseclass\ex1\x64\debug\ex1.pdb
t:\c++\databaseclass\ex1\x64\debug\ex1.nativecodeanalysis.xml
t:\c++\databaseclass\ex1\x64\debug\main.nativecodeanalysis.xml
t:\c++\databaseclass\ex1\x64\debug\moc_ex1.nativecodeanalysis.xml
t:\c++\databaseclass\ex1\x64\debug\qrc_ex1.nativecodeanalysis.xml
t:\c++\databaseclass\ex1\x64\debug\vc.nativecodeanalysis.all.xml
t:\c++\databaseclass\ex1\x64\debug\ex1.tlog\cl.command.1.tlog
t:\c++\databaseclass\ex1\x64\debug\ex1.tlog\cl.read.1.tlog
t:\c++\databaseclass\ex1\x64\debug\ex1.tlog\cl.write.1.tlog
t:\c++\databaseclass\ex1\x64\debug\ex1.tlog\ex1.write.1u.tlog
t:\c++\databaseclass\ex1\x64\debug\ex1.tlog\link.command.1.tlog
t:\c++\databaseclass\ex1\x64\debug\ex1.tlog\link.read.1.tlog
t:\c++\databaseclass\ex1\x64\debug\ex1.tlog\link.write.1.tlog
t:\c++\databaseclass\ex1\x64\debug\ex1.tlog\moc.read.1u.tlog
t:\c++\databaseclass\ex1\x64\debug\ex1.tlog\moc.write.1u.tlog
t:\c++\databaseclass\ex1\x64\debug\ex1.tlog\rcc.read.1u.tlog
t:\c++\databaseclass\ex1\x64\debug\ex1.tlog\rcc.write.1u.tlog
t:\c++\databaseclass\ex1\x64\debug\ex1.tlog\uic.read.1u.tlog
t:\c++\databaseclass\ex1\x64\debug\ex1.tlog\uic.write.1u.tlog
